<?xml version="1.0" encoding="UTF-8"?>
<testsuite name="TestSuite" time="37.056" tests="7" errors="0" skipped="0" failures="3">
  <properties>
[...]
</properties>
  <testcase name="loginTest" classname="com.demo.testCases.TC_LoginTest_001" time="2.11"/>
  <testcase name="loginDDT" classname="com.demo.testCases.TC_LoginDDT_002" time="16.533"/>
  <testcase name="loginDDT" classname="com.demo.testCases.TC_LoginDDT_002" time="8.684">
    <failure message="expected [true] but found [false]" type="java.lang.AssertionError">java.lang.AssertionError: expected [true] but found [false]
	at org.testng.Assert.fail(Assert.java:96)
	at org.testng.Assert.failNotEquals(Assert.java:776)
	at org.testng.Assert.assertTrue(Assert.java:44)
	at org.testng.Assert.assertTrue(Assert.java:54)
	at com.demo.testCases.TC_LoginDDT_002.loginDDT(TC_LoginDDT_002.java:35)
</failure>
    <system-out><![CDATA[04 May 2019 14:12:40,809 [main] INFO  TC_LoginDDT_002 demopro  - User name provided
04 May 2019 14:12:40,880 [main] INFO  TC_LoginDDT_002 demopro  - Password provided
04 May 2019 14:12:41,377 [main] INFO  TC_LoginDDT_002 demopro  - Clicked on Login button
Screenshot taken Successfully
04 May 2019 14:12:48,975 [main] INFO  TC_LoginDDT_002 demopro  - Login to application is failed
]]></system-out>
  </testcase>
  <testcase name="loginDDT" classname="com.demo.testCases.TC_LoginDDT_002" time="8.082">
    <failure message="expected [true] but found [false]" type="java.lang.AssertionError">java.lang.AssertionError: expected [true] but found [false]
	at org.testng.Assert.fail(Assert.java:96)
	at org.testng.Assert.failNotEquals(Assert.java:776)
	at org.testng.Assert.assertTrue(Assert.java:44)
	at org.testng.Assert.assertTrue(Assert.java:54)
	at com.demo.testCases.TC_LoginDDT_002.loginDDT(TC_LoginDDT_002.java:35)
</failure>
    <system-out><![CDATA[04 May 2019 14:12:49,495 [main] INFO  TC_LoginDDT_002 demopro  - User name provided
04 May 2019 14:12:49,572 [main] INFO  TC_LoginDDT_002 demopro  - Password provided
04 May 2019 14:12:50,109 [main] INFO  TC_LoginDDT_002 demopro  - Clicked on Login button
Screenshot taken Successfully
04 May 2019 14:12:57,396 [main] INFO  TC_LoginDDT_002 demopro  - Login to application is failed
]]></system-out>
  </testcase>
  <testcase name="loginDDT" classname="com.demo.testCases.TC_LoginDDT_002" time="15.21"/>
  <testcase name="loginDDT" classname="com.demo.testCases.TC_LoginDDT_002" time="8.392">
    <failure message="expected [true] but found [false]" type="java.lang.AssertionError">java.lang.AssertionError: expected [true] but found [false]
	at org.testng.Assert.fail(Assert.java:96)
	at org.testng.Assert.failNotEquals(Assert.java:776)
	at org.testng.Assert.assertTrue(Assert.java:44)
	at org.testng.Assert.assertTrue(Assert.java:54)
	at com.demo.testCases.TC_LoginDDT_002.loginDDT(TC_LoginDDT_002.java:35)
</failure>
    <system-out><![CDATA[04 May 2019 14:13:12,830 [main] INFO  TC_LoginDDT_002 demopro  - User name provided
04 May 2019 14:13:12,901 [main] INFO  TC_LoginDDT_002 demopro  - Password provided
04 May 2019 14:13:13,561 [main] INFO  TC_LoginDDT_002 demopro  - Clicked on Login button
Screenshot taken Successfully
04 May 2019 14:13:21,007 [main] INFO  TC_LoginDDT_002 demopro  - Login to application is failed
]]></system-out>
  </testcase>
  <testcase name="addNewCustomer" classname="com.demo.testCases.TC_AddCustomerTest_003" time="18.413"/>
</testsuite>