<?xml version="1.0" encoding="UTF-8"?>
<!-- Generated by org.testng.reporters.JUnitXMLReporter -->
<testsuite hostname="Rahul" ignored="0" name="BankigAppTest" tests="7" failures="3" timestamp="04 May 2019 10:55:03 GMT" time="163.018" errors="0">
  <testcase name="loginTest" time="7.583" classname="com.demo.testCases.TC_LoginTest_001"/>
  <testcase name="loginDDT" time="17.375" classname="com.demo.testCases.TC_LoginDDT_002"/>
  <testcase name="loginDDT" time="9.668" classname="com.demo.testCases.TC_LoginDDT_002">
    <failure type="java.lang.AssertionError" message="expected [true] but found [false]">
      <![CDATA[java.lang.AssertionError: expected [true] but found [false]
at com.demo.testCases.TC_LoginDDT_002.loginDDT(TC_LoginDDT_002.java:35)
... Removed 32 stack frames]]>
    </failure>
  </testcase> <!-- loginDDT -->
  <testcase name="loginDDT" time="10.344" classname="com.demo.testCases.TC_LoginDDT_002">
    <failure type="java.lang.AssertionError" message="expected [true] but found [false]">
      <![CDATA[java.lang.AssertionError: expected [true] but found [false]
at com.demo.testCases.TC_LoginDDT_002.loginDDT(TC_LoginDDT_002.java:35)
... Removed 32 stack frames]]>
    </failure>
  </testcase> <!-- loginDDT -->
  <testcase name="loginDDT" time="18.75" classname="com.demo.testCases.TC_LoginDDT_002"/>
  <testcase name="loginDDT" time="9.899" classname="com.demo.testCases.TC_LoginDDT_002">
    <failure type="java.lang.AssertionError" message="expected [true] but found [false]">
      <![CDATA[java.lang.AssertionError: expected [true] but found [false]
at com.demo.testCases.TC_LoginDDT_002.loginDDT(TC_LoginDDT_002.java:35)
... Removed 32 stack frames]]>
    </failure>
  </testcase> <!-- loginDDT -->
  <testcase name="addNewCustomer" time="19.924" classname="com.demo.testCases.TC_AddCustomerTest_003"/>
</testsuite> <!-- BankigAppTest -->
