<?xml version="1.0" encoding="UTF-8"?>
<!-- Generated by org.testng.reporters.JUnitXMLReporter -->
<testsuite hostname="Rahul" ignored="0" name="BankigAppTest" tests="7" failures="3" timestamp="04 May 2019 08:43:50 GMT" time="112.361" errors="0">
  <testcase name="loginTest" time="2.088" classname="com.demo.testCases.TC_LoginTest_001"/>
  <testcase name="loginDDT" time="16.532" classname="com.demo.testCases.TC_LoginDDT_002"/>
  <testcase name="loginDDT" time="8.268" classname="com.demo.testCases.TC_LoginDDT_002">
    <failure type="java.lang.AssertionError" message="expected [true] but found [false]">
      <![CDATA[java.lang.AssertionError: expected [true] but found [false]
at com.demo.testCases.TC_LoginDDT_002.loginDDT(TC_LoginDDT_002.java:35)
... Removed 32 stack frames]]>
    </failure>
  </testcase> <!-- loginDDT -->
  <testcase name="loginDDT" time="8.007" classname="com.demo.testCases.TC_LoginDDT_002">
    <failure type="java.lang.AssertionError" message="expected [true] but found [false]">
      <![CDATA[java.lang.AssertionError: expected [true] but found [false]
at com.demo.testCases.TC_LoginDDT_002.loginDDT(TC_LoginDDT_002.java:35)
... Removed 32 stack frames]]>
    </failure>
  </testcase> <!-- loginDDT -->
  <testcase name="loginDDT" time="15.209" classname="com.demo.testCases.TC_LoginDDT_002"/>
  <testcase name="loginDDT" time="8.324" classname="com.demo.testCases.TC_LoginDDT_002">
    <failure type="java.lang.AssertionError" message="expected [true] but found [false]">
      <![CDATA[java.lang.AssertionError: expected [true] but found [false]
at com.demo.testCases.TC_LoginDDT_002.loginDDT(TC_LoginDDT_002.java:35)
... Removed 32 stack frames]]>
    </failure>
  </testcase> <!-- loginDDT -->
  <testcase name="addNewCustomer" time="18.412" classname="com.demo.testCases.TC_AddCustomerTest_003"/>
</testsuite> <!-- BankigAppTest -->
